2023-03-28 18:38:43,768 [Worker-8: Loading available Gradle versions] INFO  o.e.b.c.i.u.g.PublishedGradleVersions - Gradle version information cache is not available. Remote download required.
2023-03-28 19:17:07,435 [Worker-8: Loading available Gradle versions] INFO  o.e.b.c.i.u.g.PublishedGradleVersions - Gradle version information cache is up-to-date. Trying to read.
2023-03-28 21:17:38,023 [Worker-7: Loading available Gradle versions] INFO  o.e.b.c.i.u.g.PublishedGradleVersions - Gradle version information cache is up-to-date. Trying to read.
2023-03-29 14:57:01,012 [Worker-7: Loading available Gradle versions] INFO  o.e.b.c.i.u.g.PublishedGradleVersions - Gradle version information cache is up-to-date. Trying to read.
2023-03-29 14:58:50,611 [Worker-7: Loading available Gradle versions] INFO  o.e.b.c.i.u.g.PublishedGradleVersions - Gradle version information cache is up-to-date. Trying to read.
2023-03-29 18:09:33,708 [Worker-7: Loading available Gradle versions] INFO  o.e.b.c.i.u.g.PublishedGradleVersions - Gradle version information cache is up-to-date. Trying to read.
2023-03-29 18:17:11,432 [Worker-6: Loading available Gradle versions] INFO  o.e.b.c.i.u.g.PublishedGradleVersions - Gradle version information cache is up-to-date. Trying to read.
2023-03-30 17:15:07,354 [Worker-4: Loading available Gradle versions] INFO  o.e.b.c.i.u.g.PublishedGradleVersions - Gradle version information cache is out-of-date. Trying to update.
2023-03-30 18:01:25,470 [Worker-8: Loading available Gradle versions] INFO  o.e.b.c.i.u.g.PublishedGradleVersions - Gradle version information cache is up-to-date. Trying to read.
2023-03-31 12:14:38,878 [Worker-2: Loading available Gradle versions] INFO  o.e.b.c.i.u.g.PublishedGradleVersions - Gradle version information cache is up-to-date. Trying to read.
2023-03-31 13:56:53,399 [Worker-7: Loading available Gradle versions] INFO  o.e.b.c.i.u.g.PublishedGradleVersions - Gradle version information cache is up-to-date. Trying to read.
2023-04-04 23:27:28,522 [Worker-6: Loading available Gradle versions] INFO  o.e.b.c.i.u.g.PublishedGradleVersions - Gradle version information cache is out-of-date. Trying to update.
2023-04-05 01:07:17,039 [Worker-7: Loading available Gradle versions] INFO  o.e.b.c.i.u.g.PublishedGradleVersions - Gradle version information cache is up-to-date. Trying to read.
2023-04-05 21:54:41,191 [Worker-7: Loading available Gradle versions] INFO  o.e.b.c.i.u.g.PublishedGradleVersions - Gradle version information cache is up-to-date. Trying to read.
2023-04-06 19:31:56,389 [Worker-4: Loading available Gradle versions] INFO  o.e.b.c.i.u.g.PublishedGradleVersions - Gradle version information cache is out-of-date. Trying to update.
2023-04-06 20:12:22,197 [ModalContext] INFO  o.e.m.c.i.e.AbstractTransferListenerAdapter - Downloading https://repo.maven.apache.org/maven2/org/apache/maven/archetypes/maven-archetype-quickstart/1.1/maven-archetype-quickstart-1.1.pom
2023-04-06 20:12:22,283 [ModalContext] INFO  o.e.m.c.i.e.AbstractTransferListenerAdapter - Downloaded https://repo.maven.apache.org/maven2/org/apache/maven/archetypes/maven-archetype-quickstart/1.1/maven-archetype-quickstart-1.1.pom
2023-04-06 20:12:22,342 [ModalContext] INFO  o.e.m.c.i.e.AbstractTransferListenerAdapter - Downloading https://repo.maven.apache.org/maven2/org/apache/maven/archetypes/maven-archetype-bundles/4/maven-archetype-bundles-4.pom
2023-04-06 20:12:22,390 [ModalContext] INFO  o.e.m.c.i.e.AbstractTransferListenerAdapter - Downloaded https://repo.maven.apache.org/maven2/org/apache/maven/archetypes/maven-archetype-bundles/4/maven-archetype-bundles-4.pom
2023-04-06 20:12:22,436 [ModalContext] INFO  o.e.m.c.i.e.AbstractTransferListenerAdapter - Downloading https://repo.maven.apache.org/maven2/org/apache/maven/archetype/maven-archetype/2.0-alpha-5/maven-archetype-2.0-alpha-5.pom
2023-04-06 20:12:22,484 [ModalContext] INFO  o.e.m.c.i.e.AbstractTransferListenerAdapter - Downloaded https://repo.maven.apache.org/maven2/org/apache/maven/archetype/maven-archetype/2.0-alpha-5/maven-archetype-2.0-alpha-5.pom
2023-04-06 20:12:22,532 [ModalContext] INFO  o.e.m.c.i.e.AbstractTransferListenerAdapter - Downloading https://repo.maven.apache.org/maven2/org/apache/maven/maven-parent/16/maven-parent-16.pom
2023-04-06 20:12:22,586 [ModalContext] INFO  o.e.m.c.i.e.AbstractTransferListenerAdapter - Downloaded https://repo.maven.apache.org/maven2/org/apache/maven/maven-parent/16/maven-parent-16.pom
2023-04-06 20:12:22,639 [ModalContext] INFO  o.e.m.c.i.e.AbstractTransferListenerAdapter - Downloading https://repo.maven.apache.org/maven2/org/apache/apache/7/apache-7.pom
2023-04-06 20:12:22,688 [ModalContext] INFO  o.e.m.c.i.e.AbstractTransferListenerAdapter - Downloaded https://repo.maven.apache.org/maven2/org/apache/apache/7/apache-7.pom
2023-04-06 20:12:22,746 [ModalContext] INFO  o.e.m.c.i.e.AbstractTransferListenerAdapter - Downloading https://repo.maven.apache.org/maven2/org/apache/maven/archetypes/maven-archetype-quickstart/1.1/maven-archetype-quickstart-1.1.jar
2023-04-06 20:12:22,793 [ModalContext] INFO  o.e.m.c.i.e.AbstractTransferListenerAdapter - Downloaded https://repo.maven.apache.org/maven2/org/apache/maven/archetypes/maven-archetype-quickstart/1.1/maven-archetype-quickstart-1.1.jar
2023-04-06 20:14:03,986 [Worker-40: Launching mavenrun-46408ba7-7389-4617-8d66-535e53be2cfa] INFO  o.eclipse.m2e.core.internal.Bundles - getClasspathEntries(Bundle=org.eclipse.m2e.maven.runtime_3.8.701.20230209-1606 [607])
2023-04-06 20:14:03,992 [Worker-40: Launching mavenrun-46408ba7-7389-4617-8d66-535e53be2cfa] INFO  o.eclipse.m2e.core.internal.Bundles - 	Entry: C:\Users\atabe\.p2\pool\plugins\org.eclipse.m2e.maven.runtime_3.8.701.20230209-1606
2023-04-06 20:14:03,993 [Worker-40: Launching mavenrun-46408ba7-7389-4617-8d66-535e53be2cfa] INFO  o.eclipse.m2e.core.internal.Bundles - 	Entry: C:\Users\atabe\.p2\pool\plugins\org.eclipse.m2e.maven.runtime_3.8.701.20230209-1606\jars\aether-connector-okhttp-0.17.8.jar
2023-04-06 20:14:03,993 [Worker-40: Launching mavenrun-46408ba7-7389-4617-8d66-535e53be2cfa] INFO  o.eclipse.m2e.core.internal.Bundles - 	Entry: C:\Users\atabe\.p2\pool\plugins\org.eclipse.m2e.maven.runtime_3.8.701.20230209-1606\jars\commons-lang3-3.8.1.jar
2023-04-06 20:14:03,993 [Worker-40: Launching mavenrun-46408ba7-7389-4617-8d66-535e53be2cfa] INFO  o.eclipse.m2e.core.internal.Bundles - 	Entry: C:\Users\atabe\.p2\pool\plugins\org.eclipse.m2e.maven.runtime_3.8.701.20230209-1606\jars\guice-4.2.2-no_aop.jar
2023-04-06 20:14:03,993 [Worker-40: Launching mavenrun-46408ba7-7389-4617-8d66-535e53be2cfa] INFO  o.eclipse.m2e.core.internal.Bundles - 	Entry: C:\Users\atabe\.p2\pool\plugins\org.eclipse.m2e.maven.runtime_3.8.701.20230209-1606\jars\jansi-2.4.0.jar
2023-04-06 20:14:03,994 [Worker-40: Launching mavenrun-46408ba7-7389-4617-8d66-535e53be2cfa] INFO  o.eclipse.m2e.core.internal.Bundles - 	Entry: C:\Users\atabe\.p2\pool\plugins\org.eclipse.m2e.maven.runtime_3.8.701.20230209-1606\jars\maven-artifact-3.8.7.jar
2023-04-06 20:14:03,994 [Worker-40: Launching mavenrun-46408ba7-7389-4617-8d66-535e53be2cfa] INFO  o.eclipse.m2e.core.internal.Bundles - 	Entry: C:\Users\atabe\.p2\pool\plugins\org.eclipse.m2e.maven.runtime_3.8.701.20230209-1606\jars\maven-builder-support-3.8.7.jar
2023-04-06 20:14:03,994 [Worker-40: Launching mavenrun-46408ba7-7389-4617-8d66-535e53be2cfa] INFO  o.eclipse.m2e.core.internal.Bundles - 	Entry: C:\Users\atabe\.p2\pool\plugins\org.eclipse.m2e.maven.runtime_3.8.701.20230209-1606\jars\maven-compat-3.8.7.jar
2023-04-06 20:14:03,994 [Worker-40: Launching mavenrun-46408ba7-7389-4617-8d66-535e53be2cfa] INFO  o.eclipse.m2e.core.internal.Bundles - 	Entry: C:\Users\atabe\.p2\pool\plugins\org.eclipse.m2e.maven.runtime_3.8.701.20230209-1606\jars\maven-core-3.8.7.jar
2023-04-06 20:14:03,994 [Worker-40: Launching mavenrun-46408ba7-7389-4617-8d66-535e53be2cfa] INFO  o.eclipse.m2e.core.internal.Bundles - 	Entry: C:\Users\atabe\.p2\pool\plugins\org.eclipse.m2e.maven.runtime_3.8.701.20230209-1606\jars\maven-embedder-3.8.7.jar
2023-04-06 20:14:03,994 [Worker-40: Launching mavenrun-46408ba7-7389-4617-8d66-535e53be2cfa] INFO  o.eclipse.m2e.core.internal.Bundles - 	Entry: C:\Users\atabe\.p2\pool\plugins\org.eclipse.m2e.maven.runtime_3.8.701.20230209-1606\jars\maven-model-3.8.7.jar
2023-04-06 20:14:03,994 [Worker-40: Launching mavenrun-46408ba7-7389-4617-8d66-535e53be2cfa] INFO  o.eclipse.m2e.core.internal.Bundles - 	Entry: C:\Users\atabe\.p2\pool\plugins\org.eclipse.m2e.maven.runtime_3.8.701.20230209-1606\jars\maven-model-builder-3.8.7.jar
2023-04-06 20:14:03,995 [Worker-40: Launching mavenrun-46408ba7-7389-4617-8d66-535e53be2cfa] INFO  o.eclipse.m2e.core.internal.Bundles - 	Entry: C:\Users\atabe\.p2\pool\plugins\org.eclipse.m2e.maven.runtime_3.8.701.20230209-1606\jars\maven-plugin-api-3.8.7.jar
2023-04-06 20:14:03,995 [Worker-40: Launching mavenrun-46408ba7-7389-4617-8d66-535e53be2cfa] INFO  o.eclipse.m2e.core.internal.Bundles - 	Entry: C:\Users\atabe\.p2\pool\plugins\org.eclipse.m2e.maven.runtime_3.8.701.20230209-1606\jars\maven-repository-metadata-3.8.7.jar
2023-04-06 20:14:03,995 [Worker-40: Launching mavenrun-46408ba7-7389-4617-8d66-535e53be2cfa] INFO  o.eclipse.m2e.core.internal.Bundles - 	Entry: C:\Users\atabe\.p2\pool\plugins\org.eclipse.m2e.maven.runtime_3.8.701.20230209-1606\jars\maven-resolver-api-1.6.3.jar
2023-04-06 20:14:03,995 [Worker-40: Launching mavenrun-46408ba7-7389-4617-8d66-535e53be2cfa] INFO  o.eclipse.m2e.core.internal.Bundles - 	Entry: C:\Users\atabe\.p2\pool\plugins\org.eclipse.m2e.maven.runtime_3.8.701.20230209-1606\jars\maven-resolver-connector-basic-1.6.3.jar
2023-04-06 20:14:03,995 [Worker-40: Launching mavenrun-46408ba7-7389-4617-8d66-535e53be2cfa] INFO  o.eclipse.m2e.core.internal.Bundles - 	Entry: C:\Users\atabe\.p2\pool\plugins\org.eclipse.m2e.maven.runtime_3.8.701.20230209-1606\jars\maven-resolver-impl-1.6.3.jar
2023-04-06 20:14:03,995 [Worker-40: Launching mavenrun-46408ba7-7389-4617-8d66-535e53be2cfa] INFO  o.eclipse.m2e.core.internal.Bundles - 	Entry: C:\Users\atabe\.p2\pool\plugins\org.eclipse.m2e.maven.runtime_3.8.701.20230209-1606\jars\maven-resolver-provider-3.8.7.jar
2023-04-06 20:14:03,995 [Worker-40: Launching mavenrun-46408ba7-7389-4617-8d66-535e53be2cfa] INFO  o.eclipse.m2e.core.internal.Bundles - 	Entry: C:\Users\atabe\.p2\pool\plugins\org.eclipse.m2e.maven.runtime_3.8.701.20230209-1606\jars\maven-resolver-spi-1.6.3.jar
2023-04-06 20:14:03,996 [Worker-40: Launching mavenrun-46408ba7-7389-4617-8d66-535e53be2cfa] INFO  o.eclipse.m2e.core.internal.Bundles - 	Entry: C:\Users\atabe\.p2\pool\plugins\org.eclipse.m2e.maven.runtime_3.8.701.20230209-1606\jars\maven-resolver-transport-wagon-1.6.3.jar
2023-04-06 20:14:03,996 [Worker-40: Launching mavenrun-46408ba7-7389-4617-8d66-535e53be2cfa] INFO  o.eclipse.m2e.core.internal.Bundles - 	Entry: C:\Users\atabe\.p2\pool\plugins\org.eclipse.m2e.maven.runtime_3.8.701.20230209-1606\jars\maven-resolver-util-1.6.3.jar
2023-04-06 20:14:03,996 [Worker-40: Launching mavenrun-46408ba7-7389-4617-8d66-535e53be2cfa] INFO  o.eclipse.m2e.core.internal.Bundles - 	Entry: C:\Users\atabe\.p2\pool\plugins\org.eclipse.m2e.maven.runtime_3.8.701.20230209-1606\jars\maven-settings-3.8.7.jar
2023-04-06 20:14:03,996 [Worker-40: Launching mavenrun-46408ba7-7389-4617-8d66-535e53be2cfa] INFO  o.eclipse.m2e.core.internal.Bundles - 	Entry: C:\Users\atabe\.p2\pool\plugins\org.eclipse.m2e.maven.runtime_3.8.701.20230209-1606\jars\maven-settings-builder-3.8.7.jar
2023-04-06 20:14:03,996 [Worker-40: Launching mavenrun-46408ba7-7389-4617-8d66-535e53be2cfa] INFO  o.eclipse.m2e.core.internal.Bundles - 	Entry: C:\Users\atabe\.p2\pool\plugins\org.eclipse.m2e.maven.runtime_3.8.701.20230209-1606\jars\maven-shared-utils-3.3.4.jar
2023-04-06 20:14:03,996 [Worker-40: Launching mavenrun-46408ba7-7389-4617-8d66-535e53be2cfa] INFO  o.eclipse.m2e.core.internal.Bundles - 	Entry: C:\Users\atabe\.p2\pool\plugins\org.eclipse.m2e.maven.runtime_3.8.701.20230209-1606\jars\okhttp-3.14.1.jar
2023-04-06 20:14:03,996 [Worker-40: Launching mavenrun-46408ba7-7389-4617-8d66-535e53be2cfa] INFO  o.eclipse.m2e.core.internal.Bundles - 	Entry: C:\Users\atabe\.p2\pool\plugins\org.eclipse.m2e.maven.runtime_3.8.701.20230209-1606\jars\okio-1.17.3.jar
2023-04-06 20:14:03,996 [Worker-40: Launching mavenrun-46408ba7-7389-4617-8d66-535e53be2cfa] INFO  o.eclipse.m2e.core.internal.Bundles - 	Entry: C:\Users\atabe\.p2\pool\plugins\org.eclipse.m2e.maven.runtime_3.8.701.20230209-1606\jars\org.eclipse.sisu.inject-0.3.5.jar
2023-04-06 20:14:03,996 [Worker-40: Launching mavenrun-46408ba7-7389-4617-8d66-535e53be2cfa] INFO  o.eclipse.m2e.core.internal.Bundles - 	Entry: C:\Users\atabe\.p2\pool\plugins\org.eclipse.m2e.maven.runtime_3.8.701.20230209-1606\jars\org.eclipse.sisu.plexus-0.3.5.jar
2023-04-06 20:14:03,996 [Worker-40: Launching mavenrun-46408ba7-7389-4617-8d66-535e53be2cfa] INFO  o.eclipse.m2e.core.internal.Bundles - 	Entry: C:\Users\atabe\.p2\pool\plugins\org.eclipse.m2e.maven.runtime_3.8.701.20230209-1606\jars\plexus-build-api-0.0.7.jar
2023-04-06 20:14:03,997 [Worker-40: Launching mavenrun-46408ba7-7389-4617-8d66-535e53be2cfa] INFO  o.eclipse.m2e.core.internal.Bundles - 	Entry: C:\Users\atabe\.p2\pool\plugins\org.eclipse.m2e.maven.runtime_3.8.701.20230209-1606\jars\plexus-cipher-2.0.jar
2023-04-06 20:14:03,997 [Worker-40: Launching mavenrun-46408ba7-7389-4617-8d66-535e53be2cfa] INFO  o.eclipse.m2e.core.internal.Bundles - 	Entry: C:\Users\atabe\.p2\pool\plugins\org.eclipse.m2e.maven.runtime_3.8.701.20230209-1606\jars\plexus-classworlds-2.6.0.jar
2023-04-06 20:14:03,997 [Worker-40: Launching mavenrun-46408ba7-7389-4617-8d66-535e53be2cfa] INFO  o.eclipse.m2e.core.internal.Bundles - 	Entry: C:\Users\atabe\.p2\pool\plugins\org.eclipse.m2e.maven.runtime_3.8.701.20230209-1606\jars\plexus-component-annotations-2.1.0.jar
2023-04-06 20:14:03,997 [Worker-40: Launching mavenrun-46408ba7-7389-4617-8d66-535e53be2cfa] INFO  o.eclipse.m2e.core.internal.Bundles - 	Entry: C:\Users\atabe\.p2\pool\plugins\org.eclipse.m2e.maven.runtime_3.8.701.20230209-1606\jars\plexus-interpolation-1.26.jar
2023-04-06 20:14:03,997 [Worker-40: Launching mavenrun-46408ba7-7389-4617-8d66-535e53be2cfa] INFO  o.eclipse.m2e.core.internal.Bundles - 	Entry: C:\Users\atabe\.p2\pool\plugins\org.eclipse.m2e.maven.runtime_3.8.701.20230209-1606\jars\plexus-sec-dispatcher-2.0.jar
2023-04-06 20:14:03,997 [Worker-40: Launching mavenrun-46408ba7-7389-4617-8d66-535e53be2cfa] INFO  o.eclipse.m2e.core.internal.Bundles - 	Entry: C:\Users\atabe\.p2\pool\plugins\org.eclipse.m2e.maven.runtime_3.8.701.20230209-1606\jars\plexus-utils-3.3.1.jar
2023-04-06 20:14:03,997 [Worker-40: Launching mavenrun-46408ba7-7389-4617-8d66-535e53be2cfa] INFO  o.eclipse.m2e.core.internal.Bundles - 	Entry: C:\Users\atabe\.p2\pool\plugins\org.eclipse.m2e.maven.runtime_3.8.701.20230209-1606\jars\wagon-file-3.5.3.jar
2023-04-06 20:14:03,997 [Worker-40: Launching mavenrun-46408ba7-7389-4617-8d66-535e53be2cfa] INFO  o.eclipse.m2e.core.internal.Bundles - 	Entry: C:\Users\atabe\.p2\pool\plugins\org.eclipse.m2e.maven.runtime_3.8.701.20230209-1606\jars\wagon-provider-api-3.5.3.jar
2023-04-06 20:14:04,002 [Worker-40: Launching mavenrun-46408ba7-7389-4617-8d66-535e53be2cfa] INFO  o.eclipse.m2e.core.internal.Bundles - getClasspathEntries(Bundle=com.google.guava_31.1.0.jre [11])
2023-04-06 20:14:04,003 [Worker-40: Launching mavenrun-46408ba7-7389-4617-8d66-535e53be2cfa] INFO  o.eclipse.m2e.core.internal.Bundles - 	Entry: C:\Users\atabe\.p2\pool\plugins\com.google.guava_31.1.0.jre.jar
2023-04-06 20:14:04,003 [Worker-40: Launching mavenrun-46408ba7-7389-4617-8d66-535e53be2cfa] INFO  o.eclipse.m2e.core.internal.Bundles - getClasspathEntries(Bundle=slf4j.api_1.7.36 [921])
2023-04-06 20:14:04,003 [Worker-40: Launching mavenrun-46408ba7-7389-4617-8d66-535e53be2cfa] INFO  o.eclipse.m2e.core.internal.Bundles - 	Entry: C:\Users\atabe\.p2\pool\plugins\slf4j.api_1.7.36.jar
2023-04-06 20:14:04,003 [Worker-40: Launching mavenrun-46408ba7-7389-4617-8d66-535e53be2cfa] INFO  o.eclipse.m2e.core.internal.Bundles - getClasspathEntries(Bundle=javax.inject_1.0.0.v20220405-0441 [35])
2023-04-06 20:14:04,005 [Worker-40: Launching mavenrun-46408ba7-7389-4617-8d66-535e53be2cfa] INFO  o.eclipse.m2e.core.internal.Bundles - 	Entry: C:\Users\atabe\.p2\pool\plugins\javax.inject_1.0.0.v20220405-0441.jar
2023-04-06 20:14:04,005 [Worker-40: Launching mavenrun-46408ba7-7389-4617-8d66-535e53be2cfa] INFO  o.eclipse.m2e.core.internal.Bundles - getClasspathEntries(Bundle=javax.annotation_1.3.5.v20221203-1659 [33])
2023-04-06 20:14:04,007 [Worker-40: Launching mavenrun-46408ba7-7389-4617-8d66-535e53be2cfa] INFO  o.eclipse.m2e.core.internal.Bundles - 	Entry: C:\Users\atabe\.p2\pool\plugins\javax.annotation_1.3.5.v20221203-1659.jar
2023-04-06 20:14:04,007 [Worker-40: Launching mavenrun-46408ba7-7389-4617-8d66-535e53be2cfa] INFO  o.eclipse.m2e.core.internal.Bundles - getClasspathEntries(Bundle=org.apache.commons.cli_1.4.0.v20221112-0806 [67])
2023-04-06 20:14:04,008 [Worker-40: Launching mavenrun-46408ba7-7389-4617-8d66-535e53be2cfa] INFO  o.eclipse.m2e.core.internal.Bundles - 	Entry: C:\Users\atabe\.p2\pool\plugins\org.apache.commons.cli_1.4.0.v20221112-0806.jar
2023-04-06 20:14:04,009 [Worker-40: Launching mavenrun-46408ba7-7389-4617-8d66-535e53be2cfa] INFO  o.eclipse.m2e.core.internal.Bundles - getClasspathEntries(Bundle=com.google.guava.failureaccess_1.0.1 [13])
2023-04-06 20:14:04,010 [Worker-40: Launching mavenrun-46408ba7-7389-4617-8d66-535e53be2cfa] INFO  o.eclipse.m2e.core.internal.Bundles - 	Entry: C:\Users\atabe\.p2\pool\plugins\com.google.guava.failureaccess_1.0.1.jar
2023-04-06 20:14:04,015 [Worker-40: Launching mavenrun-46408ba7-7389-4617-8d66-535e53be2cfa] INFO  o.e.m.i.launch.MavenLaunchDelegate - Run build in "C:\Users\atabe\AppData\Local\Temp\m2e-archetypeGenerator17327434745699281109":
2023-04-06 20:14:04,021 [Worker-40: Launching mavenrun-46408ba7-7389-4617-8d66-535e53be2cfa] INFO  o.e.m.i.launch.MavenLaunchDelegate -  mvn  -DarchetypeGroupId=org.apache.maven.archetypes -DarchetypeArtifactId=maven-archetype-quickstart -DarchetypeVersion=1.1 -DgroupId=com.abeTech -DartifactId=intro -Dversion=0.0.1-SNAPSHOT -Dpackage=com.abeTech.intro -DoutputDirectory=C:\Users\atabe\eclipse-workspace\JavaSpring -Dstyle.color=always -U archetype:generate
2023-04-06 20:15:05,928 [Worker-42: Creating maven-archetype-quickstart] INFO  o.e.m.c.i.p.ProjectConfigurationManager - Collecting project info '/pom.xml' C:\Users\atabe\eclipse-workspace\JavaSpring\intro\pom.xml
2023-04-06 20:15:06,391 [Worker-42: Creating maven-archetype-quickstart] INFO  o.e.m.c.i.l.LifecycleMappingFactory - Using org.eclipse.m2e.jdt.JarLifecycleMapping lifecycle mapping for MavenProject: com.abeTech:intro:0.0.1-SNAPSHOT @ C:\Users\atabe\eclipse-workspace\JavaSpring\intro\pom.xml.
2023-04-06 20:15:06,661 [Worker-42: Creating maven-archetype-quickstart] INFO  o.e.m.j.i.AbstractJavaProjectConfigurator - Adding source folder /intro/src/main/java
2023-04-06 20:15:06,663 [Worker-42: Creating maven-archetype-quickstart] INFO  o.e.m.j.i.AbstractJavaProjectConfigurator - Adding source folder /intro/src/test/java
2023-04-06 20:15:06,715 [Worker-42: Creating maven-archetype-quickstart] INFO  o.e.m.c.i.p.ProjectConfigurationManager - Imported and configured 1 project(s) in 0 sec
2023-04-06 20:15:07,065 [Worker-42: Building] INFO  o.e.m.c.i.embedder.EclipseLogger - Using 'UTF-8' encoding to copy filtered resources.
2023-04-06 20:15:07,066 [Worker-42: Building] INFO  o.e.m.c.i.embedder.EclipseLogger - skip non existing resourceDirectory C:\Users\atabe\eclipse-workspace\JavaSpring\intro\src\main\resources
2023-04-06 20:15:07,068 [Worker-42: Building] INFO  o.e.m.c.i.embedder.EclipseLogger - Using 'UTF-8' encoding to copy filtered resources.
2023-04-06 20:15:07,068 [Worker-42: Building] INFO  o.e.m.c.i.embedder.EclipseLogger - skip non existing resourceDirectory C:\Users\atabe\eclipse-workspace\JavaSpring\intro\src\test\resources
2023-04-06 20:15:07,742 [Worker-44: Download sources and javadoc] INFO  o.e.m.c.i.e.AbstractTransferListenerAdapter - Downloading https://repo.maven.apache.org/maven2/junit/junit/3.8.1/junit-3.8.1-sources.jar
2023-04-06 20:15:07,830 [Worker-44: Download sources and javadoc] INFO  o.e.m.c.i.e.AbstractTransferListenerAdapter - Downloaded https://repo.maven.apache.org/maven2/junit/junit/3.8.1/junit-3.8.1-sources.jar
2023-04-06 20:15:07,832 [Worker-44: Download sources and javadoc] INFO  o.e.m.j.internal.DownloadSourcesJob - Downloaded sources for junit:junit:3.8.1
2023-04-06 20:19:55,428 [Worker-42: Building] INFO  o.e.m.c.i.l.LifecycleMappingFactory - Using org.eclipse.m2e.jdt.JarLifecycleMapping lifecycle mapping for MavenProject: com.abeTech:intro:0.0.1-SNAPSHOT @ C:\Users\atabe\eclipse-workspace\JavaSpring\intro\pom.xml.
2023-04-06 20:19:55,526 [Worker-42: Building] INFO  o.e.m.c.i.embedder.EclipseLogger - Using 'UTF-8' encoding to copy filtered resources.
2023-04-06 20:19:55,526 [Worker-42: Building] INFO  o.e.m.c.i.embedder.EclipseLogger - skip non existing resourceDirectory C:\Users\atabe\eclipse-workspace\JavaSpring\intro\src\main\resources
2023-04-06 20:19:55,528 [Worker-42: Building] INFO  o.e.m.c.i.embedder.EclipseLogger - Using 'UTF-8' encoding to copy filtered resources.
2023-04-06 20:19:55,528 [Worker-42: Building] INFO  o.e.m.c.i.embedder.EclipseLogger - skip non existing resourceDirectory C:\Users\atabe\eclipse-workspace\JavaSpring\intro\src\test\resources
2023-04-06 20:20:15,725 [Worker-46: Building] INFO  o.e.m.c.i.l.LifecycleMappingFactory - Using org.eclipse.m2e.jdt.JarLifecycleMapping lifecycle mapping for MavenProject: com.abeTech:intro:0.0.1-SNAPSHOT @ C:\Users\atabe\eclipse-workspace\JavaSpring\intro\pom.xml.
2023-04-06 20:20:15,813 [Worker-46: Building] INFO  o.e.m.c.i.embedder.EclipseLogger - Using 'UTF-8' encoding to copy filtered resources.
2023-04-06 20:20:15,813 [Worker-46: Building] INFO  o.e.m.c.i.embedder.EclipseLogger - skip non existing resourceDirectory C:\Users\atabe\eclipse-workspace\JavaSpring\intro\src\main\resources
2023-04-06 20:20:15,816 [Worker-46: Building] INFO  o.e.m.c.i.embedder.EclipseLogger - Using 'UTF-8' encoding to copy filtered resources.
2023-04-06 20:20:15,816 [Worker-46: Building] INFO  o.e.m.c.i.embedder.EclipseLogger - skip non existing resourceDirectory C:\Users\atabe\eclipse-workspace\JavaSpring\intro\src\test\resources
2023-04-06 20:20:19,201 [Worker-50: Building] INFO  o.e.m.c.i.l.LifecycleMappingFactory - Using org.eclipse.m2e.jdt.JarLifecycleMapping lifecycle mapping for MavenProject: com.abeTech:intro:0.0.1-SNAPSHOT @ C:\Users\atabe\eclipse-workspace\JavaSpring\intro\pom.xml.
2023-04-06 20:20:19,273 [Worker-50: Building] INFO  o.e.m.c.i.embedder.EclipseLogger - Using 'UTF-8' encoding to copy filtered resources.
2023-04-06 20:20:19,273 [Worker-50: Building] INFO  o.e.m.c.i.embedder.EclipseLogger - skip non existing resourceDirectory C:\Users\atabe\eclipse-workspace\JavaSpring\intro\src\main\resources
2023-04-06 20:20:19,275 [Worker-50: Building] INFO  o.e.m.c.i.embedder.EclipseLogger - Using 'UTF-8' encoding to copy filtered resources.
2023-04-06 20:20:19,275 [Worker-50: Building] INFO  o.e.m.c.i.embedder.EclipseLogger - skip non existing resourceDirectory C:\Users\atabe\eclipse-workspace\JavaSpring\intro\src\test\resources
2023-04-06 20:20:47,999 [Worker-42: Updating Maven Project] INFO  o.e.m.c.i.p.ProjectConfigurationManager - Update started
2023-04-06 20:20:48,173 [Worker-42: Updating Maven Project] INFO  o.e.m.c.i.l.LifecycleMappingFactory - Using org.eclipse.m2e.jdt.JarLifecycleMapping lifecycle mapping for MavenProject: com.abeTech:intro:0.0.1-SNAPSHOT @ C:\Users\atabe\eclipse-workspace\JavaSpring\intro\pom.xml.
2023-04-06 20:20:48,239 [Worker-42: Updating Maven Project] INFO  o.e.m.j.i.AbstractJavaProjectConfigurator - Adding source folder /intro/src/main/java
2023-04-06 20:20:48,240 [Worker-42: Updating Maven Project] INFO  o.e.m.j.i.AbstractJavaProjectConfigurator - Adding source folder /intro/src/test/java
2023-04-06 20:20:48,346 [Worker-42: Updating Maven Project] INFO  o.e.m.c.i.p.ProjectConfigurationManager - Update completed for 1 poms: local refresh takes 0.00 sec, refresh facades takes 0.00 sec, update config takes 0.00 sec 
2023-04-06 20:20:48,507 [Worker-42: Building] INFO  o.e.m.c.i.embedder.EclipseLogger - Using 'UTF-8' encoding to copy filtered resources.
2023-04-06 20:20:48,507 [Worker-42: Building] INFO  o.e.m.c.i.embedder.EclipseLogger - skip non existing resourceDirectory C:\Users\atabe\eclipse-workspace\JavaSpring\intro\src\main\resources
2023-04-06 20:20:48,510 [Worker-42: Building] INFO  o.e.m.c.i.embedder.EclipseLogger - Using 'UTF-8' encoding to copy filtered resources.
2023-04-06 20:20:48,510 [Worker-42: Building] INFO  o.e.m.c.i.embedder.EclipseLogger - skip non existing resourceDirectory C:\Users\atabe\eclipse-workspace\JavaSpring\intro\src\test\resources
2023-04-06 20:21:08,289 [Worker-44: Building] INFO  o.e.m.c.i.l.LifecycleMappingFactory - Using org.eclipse.m2e.jdt.JarLifecycleMapping lifecycle mapping for MavenProject: com.abeTech:intro:0.0.1-SNAPSHOT @ C:\Users\atabe\eclipse-workspace\JavaSpring\MavenIntro\pom.xml.
2023-04-06 20:21:08,306 [Worker-44: Building] INFO  o.e.m.c.i.embedder.EclipseLogger - Using 'UTF-8' encoding to copy filtered resources.
2023-04-06 20:21:08,306 [Worker-44: Building] INFO  o.e.m.c.i.embedder.EclipseLogger - skip non existing resourceDirectory C:\Users\atabe\eclipse-workspace\JavaSpring\MavenIntro\src\main\resources
2023-04-06 20:21:08,308 [Worker-44: Building] INFO  o.e.m.c.i.embedder.EclipseLogger - Using 'UTF-8' encoding to copy filtered resources.
2023-04-06 20:21:08,308 [Worker-44: Building] INFO  o.e.m.c.i.embedder.EclipseLogger - skip non existing resourceDirectory C:\Users\atabe\eclipse-workspace\JavaSpring\MavenIntro\src\test\resources
2023-04-06 20:26:22,319 [Worker-50: Building] INFO  o.e.m.c.i.l.LifecycleMappingFactory - Using org.eclipse.m2e.jdt.JarLifecycleMapping lifecycle mapping for MavenProject: com.abeTech:intro:0.0.1-SNAPSHOT @ C:\Users\atabe\eclipse-workspace\JavaSpring\MavenIntro\pom.xml.
2023-04-06 20:26:22,386 [Worker-50: Building] WARN  o.e.m.c.i.embedder.EclipseLogger - The artifact org.hibernate:hibernate-core:pom:6.2.0.Final has been relocated to org.hibernate.orm:hibernate-core:pom:6.2.0.Final
2023-04-06 20:26:22,599 [Worker-50: Building] INFO  o.e.m.c.i.embedder.EclipseLogger - Using 'UTF-8' encoding to copy filtered resources.
2023-04-06 20:26:22,599 [Worker-50: Building] INFO  o.e.m.c.i.embedder.EclipseLogger - skip non existing resourceDirectory C:\Users\atabe\eclipse-workspace\JavaSpring\MavenIntro\src\main\resources
2023-04-06 20:26:22,601 [Worker-50: Building] INFO  o.e.m.c.i.embedder.EclipseLogger - Using 'UTF-8' encoding to copy filtered resources.
2023-04-06 20:26:22,602 [Worker-50: Building] INFO  o.e.m.c.i.embedder.EclipseLogger - skip non existing resourceDirectory C:\Users\atabe\eclipse-workspace\JavaSpring\MavenIntro\src\test\resources
2023-04-06 20:26:23,748 [Worker-56: Download sources and javadoc] INFO  o.e.m.c.i.e.AbstractTransferListenerAdapter - Downloading https://repo.maven.apache.org/maven2/jakarta/persistence/jakarta.persistence-api/3.1.0/jakarta.persistence-api-3.1.0-sources.jar
2023-04-06 20:26:23,905 [Worker-56: Download sources and javadoc] INFO  o.e.m.c.i.e.AbstractTransferListenerAdapter - Downloaded https://repo.maven.apache.org/maven2/jakarta/persistence/jakarta.persistence-api/3.1.0/jakarta.persistence-api-3.1.0-sources.jar
2023-04-06 20:26:23,908 [Worker-56: Download sources and javadoc] INFO  o.e.m.j.internal.DownloadSourcesJob - Downloaded sources for jakarta.persistence:jakarta.persistence-api:3.1.0
2023-04-06 20:26:24,074 [Worker-56: Download sources and javadoc] INFO  o.e.m.c.i.e.AbstractTransferListenerAdapter - Downloading https://repo.maven.apache.org/maven2/jakarta/transaction/jakarta.transaction-api/2.0.1/jakarta.transaction-api-2.0.1-sources.jar
2023-04-06 20:26:24,157 [Worker-56: Download sources and javadoc] INFO  o.e.m.c.i.e.AbstractTransferListenerAdapter - Downloaded https://repo.maven.apache.org/maven2/jakarta/transaction/jakarta.transaction-api/2.0.1/jakarta.transaction-api-2.0.1-sources.jar
2023-04-06 20:26:24,159 [Worker-56: Download sources and javadoc] INFO  o.e.m.j.internal.DownloadSourcesJob - Downloaded sources for jakarta.transaction:jakarta.transaction-api:2.0.1
2023-04-06 20:26:24,317 [Worker-56: Download sources and javadoc] INFO  o.e.m.c.i.e.AbstractTransferListenerAdapter - Downloading https://repo.maven.apache.org/maven2/org/jboss/logging/jboss-logging/3.5.0.Final/jboss-logging-3.5.0.Final-sources.jar
2023-04-06 20:26:24,399 [Worker-56: Download sources and javadoc] INFO  o.e.m.c.i.e.AbstractTransferListenerAdapter - Downloaded https://repo.maven.apache.org/maven2/org/jboss/logging/jboss-logging/3.5.0.Final/jboss-logging-3.5.0.Final-sources.jar
2023-04-06 20:26:24,402 [Worker-56: Download sources and javadoc] INFO  o.e.m.j.internal.DownloadSourcesJob - Downloaded sources for org.jboss.logging:jboss-logging:3.5.0.Final
2023-04-06 20:26:24,572 [Worker-56: Download sources and javadoc] INFO  o.e.m.c.i.e.AbstractTransferListenerAdapter - Downloading https://repo.maven.apache.org/maven2/org/hibernate/common/hibernate-commons-annotations/6.0.6.Final/hibernate-commons-annotations-6.0.6.Final-sources.jar
2023-04-06 20:26:24,656 [Worker-56: Download sources and javadoc] INFO  o.e.m.c.i.e.AbstractTransferListenerAdapter - Downloaded https://repo.maven.apache.org/maven2/org/hibernate/common/hibernate-commons-annotations/6.0.6.Final/hibernate-commons-annotations-6.0.6.Final-sources.jar
2023-04-06 20:26:24,658 [Worker-56: Download sources and javadoc] INFO  o.e.m.j.internal.DownloadSourcesJob - Downloaded sources for org.hibernate.common:hibernate-commons-annotations:6.0.6.Final
2023-04-06 20:26:24,832 [Worker-56: Download sources and javadoc] INFO  o.e.m.c.i.e.AbstractTransferListenerAdapter - Downloading https://repo.maven.apache.org/maven2/io/smallrye/jandex/3.0.5/jandex-3.0.5-sources.jar
2023-04-06 20:26:24,985 [Worker-56: Download sources and javadoc] INFO  o.e.m.c.i.e.AbstractTransferListenerAdapter - Downloaded https://repo.maven.apache.org/maven2/io/smallrye/jandex/3.0.5/jandex-3.0.5-sources.jar
2023-04-06 20:26:24,987 [Worker-56: Download sources and javadoc] INFO  o.e.m.j.internal.DownloadSourcesJob - Downloaded sources for io.smallrye:jandex:3.0.5
2023-04-06 20:26:25,152 [Worker-56: Download sources and javadoc] INFO  o.e.m.c.i.e.AbstractTransferListenerAdapter - Downloading https://repo.maven.apache.org/maven2/com/fasterxml/classmate/1.5.1/classmate-1.5.1-sources.jar
2023-04-06 20:26:25,257 [Worker-56: Download sources and javadoc] INFO  o.e.m.c.i.e.AbstractTransferListenerAdapter - Downloaded https://repo.maven.apache.org/maven2/com/fasterxml/classmate/1.5.1/classmate-1.5.1-sources.jar
2023-04-06 20:26:25,259 [Worker-56: Download sources and javadoc] INFO  o.e.m.j.internal.DownloadSourcesJob - Downloaded sources for com.fasterxml:classmate:1.5.1
2023-04-06 20:26:25,429 [Worker-56: Download sources and javadoc] INFO  o.e.m.c.i.e.AbstractTransferListenerAdapter - Downloading https://repo.maven.apache.org/maven2/net/bytebuddy/byte-buddy/1.12.18/byte-buddy-1.12.18-sources.jar
2023-04-06 20:26:25,755 [Worker-56: Download sources and javadoc] INFO  o.e.m.c.i.e.AbstractTransferListenerAdapter - Downloaded https://repo.maven.apache.org/maven2/net/bytebuddy/byte-buddy/1.12.18/byte-buddy-1.12.18-sources.jar
2023-04-06 20:26:25,757 [Worker-56: Download sources and javadoc] INFO  o.e.m.j.internal.DownloadSourcesJob - Downloaded sources for net.bytebuddy:byte-buddy:1.12.18
2023-04-06 20:26:25,922 [Worker-56: Download sources and javadoc] INFO  o.e.m.c.i.e.AbstractTransferListenerAdapter - Downloading https://repo.maven.apache.org/maven2/jakarta/xml/bind/jakarta.xml.bind-api/4.0.0/jakarta.xml.bind-api-4.0.0-sources.jar
2023-04-06 20:26:26,062 [Worker-56: Download sources and javadoc] INFO  o.e.m.c.i.e.AbstractTransferListenerAdapter - Downloaded https://repo.maven.apache.org/maven2/jakarta/xml/bind/jakarta.xml.bind-api/4.0.0/jakarta.xml.bind-api-4.0.0-sources.jar
2023-04-06 20:26:26,064 [Worker-56: Download sources and javadoc] INFO  o.e.m.j.internal.DownloadSourcesJob - Downloaded sources for jakarta.xml.bind:jakarta.xml.bind-api:4.0.0
2023-04-06 20:26:26,228 [Worker-56: Download sources and javadoc] INFO  o.e.m.c.i.e.AbstractTransferListenerAdapter - Downloading https://repo.maven.apache.org/maven2/jakarta/activation/jakarta.activation-api/2.1.0/jakarta.activation-api-2.1.0-sources.jar
2023-04-06 20:26:26,333 [Worker-56: Download sources and javadoc] INFO  o.e.m.c.i.e.AbstractTransferListenerAdapter - Downloaded https://repo.maven.apache.org/maven2/jakarta/activation/jakarta.activation-api/2.1.0/jakarta.activation-api-2.1.0-sources.jar
2023-04-06 20:26:26,335 [Worker-56: Download sources and javadoc] INFO  o.e.m.j.internal.DownloadSourcesJob - Downloaded sources for jakarta.activation:jakarta.activation-api:2.1.0
2023-04-06 20:26:26,503 [Worker-56: Download sources and javadoc] INFO  o.e.m.c.i.e.AbstractTransferListenerAdapter - Downloading https://repo.maven.apache.org/maven2/org/glassfish/jaxb/jaxb-runtime/4.0.2/jaxb-runtime-4.0.2-sources.jar
2023-04-06 20:26:26,707 [Worker-56: Download sources and javadoc] INFO  o.e.m.c.i.e.AbstractTransferListenerAdapter - Downloaded https://repo.maven.apache.org/maven2/org/glassfish/jaxb/jaxb-runtime/4.0.2/jaxb-runtime-4.0.2-sources.jar
2023-04-06 20:26:26,709 [Worker-56: Download sources and javadoc] INFO  o.e.m.j.internal.DownloadSourcesJob - Downloaded sources for org.glassfish.jaxb:jaxb-runtime:4.0.2
2023-04-06 20:26:26,868 [Worker-56: Download sources and javadoc] INFO  o.e.m.c.i.e.AbstractTransferListenerAdapter - Downloading https://repo.maven.apache.org/maven2/org/glassfish/jaxb/jaxb-core/4.0.2/jaxb-core-4.0.2-sources.jar
2023-04-06 20:26:26,985 [Worker-56: Download sources and javadoc] INFO  o.e.m.c.i.e.AbstractTransferListenerAdapter - Downloaded https://repo.maven.apache.org/maven2/org/glassfish/jaxb/jaxb-core/4.0.2/jaxb-core-4.0.2-sources.jar
2023-04-06 20:26:26,988 [Worker-56: Download sources and javadoc] INFO  o.e.m.j.internal.DownloadSourcesJob - Downloaded sources for org.glassfish.jaxb:jaxb-core:4.0.2
2023-04-06 20:26:27,159 [Worker-56: Download sources and javadoc] INFO  o.e.m.c.i.e.AbstractTransferListenerAdapter - Downloading https://repo.maven.apache.org/maven2/org/eclipse/angus/angus-activation/2.0.0/angus-activation-2.0.0-sources.jar
2023-04-06 20:26:27,243 [Worker-56: Download sources and javadoc] INFO  o.e.m.c.i.e.AbstractTransferListenerAdapter - Downloaded https://repo.maven.apache.org/maven2/org/eclipse/angus/angus-activation/2.0.0/angus-activation-2.0.0-sources.jar
2023-04-06 20:26:27,245 [Worker-56: Download sources and javadoc] INFO  o.e.m.j.internal.DownloadSourcesJob - Downloaded sources for org.eclipse.angus:angus-activation:2.0.0
2023-04-06 20:26:27,408 [Worker-56: Download sources and javadoc] INFO  o.e.m.c.i.e.AbstractTransferListenerAdapter - Downloading https://repo.maven.apache.org/maven2/org/glassfish/jaxb/txw2/4.0.2/txw2-4.0.2-sources.jar
2023-04-06 20:26:27,500 [Worker-56: Download sources and javadoc] INFO  o.e.m.c.i.e.AbstractTransferListenerAdapter - Downloaded https://repo.maven.apache.org/maven2/org/glassfish/jaxb/txw2/4.0.2/txw2-4.0.2-sources.jar
2023-04-06 20:26:27,502 [Worker-56: Download sources and javadoc] INFO  o.e.m.j.internal.DownloadSourcesJob - Downloaded sources for org.glassfish.jaxb:txw2:4.0.2
2023-04-06 20:26:27,666 [Worker-56: Download sources and javadoc] INFO  o.e.m.c.i.e.AbstractTransferListenerAdapter - Downloading https://repo.maven.apache.org/maven2/com/sun/istack/istack-commons-runtime/4.1.1/istack-commons-runtime-4.1.1-sources.jar
2023-04-06 20:26:27,749 [Worker-56: Download sources and javadoc] INFO  o.e.m.c.i.e.AbstractTransferListenerAdapter - Downloaded https://repo.maven.apache.org/maven2/com/sun/istack/istack-commons-runtime/4.1.1/istack-commons-runtime-4.1.1-sources.jar
2023-04-06 20:26:27,751 [Worker-56: Download sources and javadoc] INFO  o.e.m.j.internal.DownloadSourcesJob - Downloaded sources for com.sun.istack:istack-commons-runtime:4.1.1
2023-04-06 20:26:27,921 [Worker-56: Download sources and javadoc] INFO  o.e.m.c.i.e.AbstractTransferListenerAdapter - Downloading https://repo.maven.apache.org/maven2/jakarta/inject/jakarta.inject-api/2.0.1/jakarta.inject-api-2.0.1-sources.jar
2023-04-06 20:26:28,005 [Worker-56: Download sources and javadoc] INFO  o.e.m.c.i.e.AbstractTransferListenerAdapter - Downloaded https://repo.maven.apache.org/maven2/jakarta/inject/jakarta.inject-api/2.0.1/jakarta.inject-api-2.0.1-sources.jar
2023-04-06 20:26:28,008 [Worker-56: Download sources and javadoc] INFO  o.e.m.j.internal.DownloadSourcesJob - Downloaded sources for jakarta.inject:jakarta.inject-api:2.0.1
2023-04-06 20:26:28,178 [Worker-56: Download sources and javadoc] INFO  o.e.m.c.i.e.AbstractTransferListenerAdapter - Downloading https://repo.maven.apache.org/maven2/org/antlr/antlr4-runtime/4.10.1/antlr4-runtime-4.10.1-sources.jar
2023-04-06 20:26:28,348 [Worker-56: Download sources and javadoc] INFO  o.e.m.c.i.e.AbstractTransferListenerAdapter - Downloaded https://repo.maven.apache.org/maven2/org/antlr/antlr4-runtime/4.10.1/antlr4-runtime-4.10.1-sources.jar
2023-04-06 20:26:28,351 [Worker-56: Download sources and javadoc] INFO  o.e.m.j.internal.DownloadSourcesJob - Downloaded sources for org.antlr:antlr4-runtime:4.10.1
